android/app/build/intermediates/manifest_merge_blame_file/debug/processDebugMainManifest/manifest-merger-blame-debug-report.txt
1<?xml version="1.0" encoding="utf-8"?>
2<manifest xmlns:android="http://schemas.android.com/apk/res/android"
3    package="com.thats_the_sound_of_the_alarm.app"
4    android:versionCode="1"
5    android:versionName="1.0.0" >
6
7    <uses-sdk
8        android:minSdkVersion="24"
9        android:targetSdkVersion="34" />
10
11    <uses-permission android:name="android.permission.SYSTEM_ALERT_WINDOW" />
11-->src/main/AndroidManifest.xml:8:3-75
11-->src/main/AndroidManifest.xml:8:20-73
12    <uses-permission android:name="android.permission.CAMERA" />
12-->src/main/AndroidManifest.xml:2:3-62
12-->src/main/AndroidManifest.xml:2:20-60
13    <uses-permission android:name="android.permission.INTERNET" />
13-->src/main/AndroidManifest.xml:3:3-64
13-->src/main/AndroidManifest.xml:3:20-62
14    <uses-permission android:name="android.permission.MODIFY_AUDIO_SETTINGS" />
14-->src/main/AndroidManifest.xml:4:3-77
14-->src/main/AndroidManifest.xml:4:20-75
15    <uses-permission android:name="android.permission.READ_EXTERNAL_STORAGE" />
15-->src/main/AndroidManifest.xml:5:3-77
15-->src/main/AndroidManifest.xml:5:20-75
16    <uses-permission android:name="android.permission.RECEIVE_BOOT_COMPLETED" />
16-->src/main/AndroidManifest.xml:6:3-78
16-->src/main/AndroidManifest.xml:6:20-76
17    <uses-permission android:name="android.permission.RECORD_AUDIO" />
17-->src/main/AndroidManifest.xml:7:3-68
17-->src/main/AndroidManifest.xml:7:20-66
18    <uses-permission android:name="android.permission.VIBRATE" />
18-->src/main/AndroidManifest.xml:9:3-63
18-->src/main/AndroidManifest.xml:9:20-61
19    <uses-permission android:name="android.permission.WAKE_LOCK" />
19-->src/main/AndroidManifest.xml:10:3-65
19-->src/main/AndroidManifest.xml:10:20-63
20    <uses-permission android:name="android.permission.WRITE_EXTERNAL_STORAGE" />
20-->src/main/AndroidManifest.xml:11:3-78
20-->src/main/AndroidManifest.xml:11:20-76
21
22    <queries>
22-->src/main/AndroidManifest.xml:12:3-18:13
23        <intent>
23-->src/main/AndroidManifest.xml:13:5-17:14
24            <action android:name="android.intent.action.VIEW" />
24-->src/main/AndroidManifest.xml:14:7-58
24-->src/main/AndroidManifest.xml:14:15-56
25
26            <category android:name="android.intent.category.BROWSABLE" />
26-->src/main/AndroidManifest.xml:15:7-67
26-->src/main/AndroidManifest.xml:15:17-65
27
28            <data android:scheme="https" />
28-->src/main/AndroidManifest.xml:16:7-37
28-->src/main/AndroidManifest.xml:16:13-35
29        </intent>
30
31        <package android:name="host.exp.exponent" /> <!-- Query open documents -->
31-->[:expo-dev-launcher] AndroidManifest.xml:8:9-53
31-->[:expo-dev-launcher] AndroidManifest.xml:8:18-50
32        <intent>
32-->[:expo-file-system] AndroidManifest.xml:15:9-17:18
33            <action android:name="android.intent.action.OPEN_DOCUMENT_TREE" />
33-->[:expo-file-system] AndroidManifest.xml:16:13-79
33-->[:expo-file-system] AndroidManifest.xml:16:21-76
34        </intent>
35        <intent>
35-->[:expo-web-browser] AndroidManifest.xml:8:9-12:18
36
37            <!-- Required for opening tabs if targeting API 30 -->
38            <action android:name="android.support.customtabs.action.CustomTabsService" />
38-->[:expo-web-browser] AndroidManifest.xml:11:13-90
38-->[:expo-web-browser] AndroidManifest.xml:11:21-87
39        </intent>
40        <intent>
40-->[androidx.camera:camera-extensions:1.4.1] AndroidManifest.xml:23:9-25:18
41            <action android:name="androidx.camera.extensions.action.VENDOR_ACTION" />
41-->[androidx.camera:camera-extensions:1.4.1] AndroidManifest.xml:24:13-86
41-->[androidx.camera:camera-extensions:1.4.1] AndroidManifest.xml:24:21-83
42        </intent>
43    </queries>
44
45    <uses-permission android:name="android.permission.POST_NOTIFICATIONS" />
45-->[:expo-notifications] AndroidManifest.xml:8:5-77
45-->[:expo-notifications] AndroidManifest.xml:8:22-74
46    <uses-permission android:name="android.permission.ACCESS_NETWORK_STATE" /> <!-- Required by older versions of Google Play services to create IID tokens -->
46-->[com.google.firebase:firebase-messaging:24.0.1] AndroidManifest.xml:22:5-79
46-->[com.google.firebase:firebase-messaging:24.0.1] AndroidManifest.xml:22:22-76
47    <uses-permission android:name="com.google.android.c2dm.permission.RECEIVE" />
47-->[com.google.firebase:firebase-messaging:24.0.1] AndroidManifest.xml:26:5-82
47-->[com.google.firebase:firebase-messaging:24.0.1] AndroidManifest.xml:26:22-79
48
49    <permission
49-->[androidx.core:core:1.13.1] AndroidManifest.xml:22:5-24:47
50        android:name="com.thats_the_sound_of_the_alarm.app.DYNAMIC_RECEIVER_NOT_EXPORTED_PERMISSION"
50-->[androidx.core:core:1.13.1] AndroidManifest.xml:23:9-81
51        android:protectionLevel="signature" />
51-->[androidx.core:core:1.13.1] AndroidManifest.xml:24:9-44
52
53    <uses-permission android:name="com.thats_the_sound_of_the_alarm.app.DYNAMIC_RECEIVER_NOT_EXPORTED_PERMISSION" />
53-->[androidx.core:core:1.13.1] AndroidManifest.xml:26:5-97
53-->[androidx.core:core:1.13.1] AndroidManifest.xml:26:22-94
54    <uses-permission android:name="com.google.android.finsky.permission.BIND_GET_INSTALL_REFERRER_SERVICE" /> <!-- for android -->
54-->[com.android.installreferrer:installreferrer:2.2] AndroidManifest.xml:9:5-110
54-->[com.android.installreferrer:installreferrer:2.2] AndroidManifest.xml:9:22-107
55    <!-- <uses-permission android:name="com.android.launcher.permission.READ_SETTINGS"/> -->
56    <!-- <uses-permission android:name="com.android.launcher.permission.WRITE_SETTINGS"/> -->
57    <!-- <uses-permission android:name="com.android.launcher.permission.INSTALL_SHORTCUT" /> -->
58    <!-- <uses-permission android:name="com.android.launcher.permission.UNINSTALL_SHORTCUT" /> -->
59    <!-- for Samsung -->
60    <uses-permission android:name="com.sec.android.provider.badge.permission.READ" />
60-->[me.leolin:ShortcutBadger:1.1.22] AndroidManifest.xml:19:5-86
60-->[me.leolin:ShortcutBadger:1.1.22] AndroidManifest.xml:19:22-83
61    <uses-permission android:name="com.sec.android.provider.badge.permission.WRITE" /> <!-- for htc -->
61-->[me.leolin:ShortcutBadger:1.1.22] AndroidManifest.xml:20:5-87
61-->[me.leolin:ShortcutBadger:1.1.22] AndroidManifest.xml:20:22-84
62    <uses-permission android:name="com.htc.launcher.permission.READ_SETTINGS" />
62-->[me.leolin:ShortcutBadger:1.1.22] AndroidManifest.xml:23:5-81
62-->[me.leolin:ShortcutBadger:1.1.22] AndroidManifest.xml:23:22-78
63    <uses-permission android:name="com.htc.launcher.permission.UPDATE_SHORTCUT" /> <!-- for sony -->
63-->[me.leolin:ShortcutBadger:1.1.22] AndroidManifest.xml:24:5-83
63-->[me.leolin:ShortcutBadger:1.1.22] AndroidManifest.xml:24:22-80
64    <uses-permission android:name="com.sonyericsson.home.permission.BROADCAST_BADGE" />
64-->[me.leolin:ShortcutBadger:1.1.22] AndroidManifest.xml:27:5-88
64-->[me.leolin:ShortcutBadger:1.1.22] AndroidManifest.xml:27:22-85
65    <uses-permission android:name="com.sonymobile.home.permission.PROVIDER_INSERT_BADGE" /> <!-- for apex -->
65-->[me.leolin:ShortcutBadger:1.1.22] AndroidManifest.xml:28:5-92
65-->[me.leolin:ShortcutBadger:1.1.22] AndroidManifest.xml:28:22-89
66    <uses-permission android:name="com.anddoes.launcher.permission.UPDATE_COUNT" /> <!-- for solid -->
66-->[me.leolin:ShortcutBadger:1.1.22] AndroidManifest.xml:31:5-84
66-->[me.leolin:ShortcutBadger:1.1.22] AndroidManifest.xml:31:22-81
67    <uses-permission android:name="com.majeur.launcher.permission.UPDATE_BADGE" /> <!-- for huawei -->
67-->[me.leolin:ShortcutBadger:1.1.22] AndroidManifest.xml:34:5-83
67-->[me.leolin:ShortcutBadger:1.1.22] AndroidManifest.xml:34:22-80
68    <uses-permission android:name="com.huawei.android.launcher.permission.CHANGE_BADGE" />
68-->[me.leolin:ShortcutBadger:1.1.22] AndroidManifest.xml:37:5-91
68-->[me.leolin:ShortcutBadger:1.1.22] AndroidManifest.xml:37:22-88
69    <uses-permission android:name="com.huawei.android.launcher.permission.READ_SETTINGS" />
69-->[me.leolin:ShortcutBadger:1.1.22] AndroidManifest.xml:38:5-92
69-->[me.leolin:ShortcutBadger:1.1.22] AndroidManifest.xml:38:22-89
70    <uses-permission android:name="com.huawei.android.launcher.permission.WRITE_SETTINGS" /> <!-- for ZUK -->
70-->[me.leolin:ShortcutBadger:1.1.22] AndroidManifest.xml:39:5-93
70-->[me.leolin:ShortcutBadger:1.1.22] AndroidManifest.xml:39:22-90
71    <uses-permission android:name="android.permission.READ_APP_BADGE" /> <!-- for OPPO -->
71-->[me.leolin:ShortcutBadger:1.1.22] AndroidManifest.xml:42:5-73
71-->[me.leolin:ShortcutBadger:1.1.22] AndroidManifest.xml:42:22-70
72    <uses-permission android:name="com.oppo.launcher.permission.READ_SETTINGS" />
72-->[me.leolin:ShortcutBadger:1.1.22] AndroidManifest.xml:45:5-82
72-->[me.leolin:ShortcutBadger:1.1.22] AndroidManifest.xml:45:22-79
73    <uses-permission android:name="com.oppo.launcher.permission.WRITE_SETTINGS" /> <!-- for EvMe -->
73-->[me.leolin:ShortcutBadger:1.1.22] AndroidManifest.xml:46:5-83
73-->[me.leolin:ShortcutBadger:1.1.22] AndroidManifest.xml:46:22-80
74    <uses-permission android:name="me.everything.badger.permission.BADGE_COUNT_READ" />
74-->[me.leolin:ShortcutBadger:1.1.22] AndroidManifest.xml:49:5-88
74-->[me.leolin:ShortcutBadger:1.1.22] AndroidManifest.xml:49:22-85
75    <uses-permission android:name="me.everything.badger.permission.BADGE_COUNT_WRITE" />
75-->[me.leolin:ShortcutBadger:1.1.22] AndroidManifest.xml:50:5-89
75-->[me.leolin:ShortcutBadger:1.1.22] AndroidManifest.xml:50:22-86
76
77    <application
77-->src/main/AndroidManifest.xml:19:3-41:17
78        android:name="com.thats_the_sound_of_the_alarm.app.MainApplication"
78-->src/main/AndroidManifest.xml:19:16-47
79        android:allowBackup="true"
79-->src/main/AndroidManifest.xml:19:162-188
80        android:appComponentFactory="androidx.core.app.CoreComponentFactory"
80-->[androidx.core:core:1.13.1] AndroidManifest.xml:28:18-86
81        android:debuggable="true"
82        android:extractNativeLibs="false"
83        android:icon="@mipmap/ic_launcher"
83-->src/main/AndroidManifest.xml:19:81-115
84        android:label="@string/app_name"
84-->src/main/AndroidManifest.xml:19:48-80
85        android:roundIcon="@mipmap/ic_launcher_round"
85-->src/main/AndroidManifest.xml:19:116-161
86        android:supportsRtl="true"
86-->src/main/AndroidManifest.xml:19:221-247
87        android:theme="@style/AppTheme"
87-->src/main/AndroidManifest.xml:19:189-220
88        android:usesCleartextTraffic="true" >
88-->src/debug/AndroidManifest.xml:6:18-53
89        <meta-data
89-->src/main/AndroidManifest.xml:20:5-139
90            android:name="com.google.firebase.messaging.default_notification_color"
90-->src/main/AndroidManifest.xml:20:16-87
91            android:resource="@color/notification_icon_color" />
91-->src/main/AndroidManifest.xml:20:88-137
92        <meta-data
92-->src/main/AndroidManifest.xml:21:5-135
93            android:name="com.google.firebase.messaging.default_notification_icon"
93-->src/main/AndroidManifest.xml:21:16-86
94            android:resource="@drawable/notification_icon" />
94-->src/main/AndroidManifest.xml:21:87-133
95        <meta-data
95-->src/main/AndroidManifest.xml:22:5-136
96            android:name="expo.modules.notifications.default_notification_color"
96-->src/main/AndroidManifest.xml:22:16-84
97            android:resource="@color/notification_icon_color" />
97-->src/main/AndroidManifest.xml:22:85-134
98        <meta-data
98-->src/main/AndroidManifest.xml:23:5-132
99            android:name="expo.modules.notifications.default_notification_icon"
99-->src/main/AndroidManifest.xml:23:16-83
100            android:resource="@drawable/notification_icon" />
100-->src/main/AndroidManifest.xml:23:84-130
101        <meta-data
101-->src/main/AndroidManifest.xml:24:5-83
102            android:name="expo.modules.updates.ENABLED"
102-->src/main/AndroidManifest.xml:24:16-59
103            android:value="false" />
103-->src/main/AndroidManifest.xml:24:60-81
104        <meta-data
104-->src/main/AndroidManifest.xml:25:5-105
105            android:name="expo.modules.updates.EXPO_UPDATES_CHECK_ON_LAUNCH"
105-->src/main/AndroidManifest.xml:25:16-80
106            android:value="ALWAYS" />
106-->src/main/AndroidManifest.xml:25:81-103
107        <meta-data
107-->src/main/AndroidManifest.xml:26:5-99
108            android:name="expo.modules.updates.EXPO_UPDATES_LAUNCH_WAIT_MS"
108-->src/main/AndroidManifest.xml:26:16-79
109            android:value="0" />
109-->src/main/AndroidManifest.xml:26:80-97
110
111        <activity
111-->src/main/AndroidManifest.xml:27:5-40:16
112            android:name="com.thats_the_sound_of_the_alarm.app.MainActivity"
112-->src/main/AndroidManifest.xml:27:15-43
113            android:configChanges="keyboard|keyboardHidden|orientation|screenSize|screenLayout|uiMode"
113-->src/main/AndroidManifest.xml:27:44-134
114            android:exported="true"
114-->src/main/AndroidManifest.xml:27:256-279
115            android:launchMode="singleTask"
115-->src/main/AndroidManifest.xml:27:135-166
116            android:screenOrientation="portrait"
116-->src/main/AndroidManifest.xml:27:280-316
117            android:theme="@style/Theme.App.SplashScreen"
117-->src/main/AndroidManifest.xml:27:210-255
118            android:windowSoftInputMode="adjustResize" >
118-->src/main/AndroidManifest.xml:27:167-209
119            <intent-filter>
119-->src/main/AndroidManifest.xml:28:7-31:23
120                <action android:name="android.intent.action.MAIN" />
120-->src/main/AndroidManifest.xml:29:9-60
120-->src/main/AndroidManifest.xml:29:17-58
121
122                <category android:name="android.intent.category.LAUNCHER" />
122-->src/main/AndroidManifest.xml:30:9-68
122-->src/main/AndroidManifest.xml:30:19-66
123            </intent-filter>
124            <intent-filter>
124-->src/main/AndroidManifest.xml:32:7-39:23
125                <action android:name="android.intent.action.VIEW" />
125-->src/main/AndroidManifest.xml:14:7-58
125-->src/main/AndroidManifest.xml:14:15-56
126
127                <category android:name="android.intent.category.DEFAULT" />
127-->src/main/AndroidManifest.xml:34:9-67
127-->src/main/AndroidManifest.xml:34:19-65
128                <category android:name="android.intent.category.BROWSABLE" />
128-->src/main/AndroidManifest.xml:15:7-67
128-->src/main/AndroidManifest.xml:15:17-65
129
130                <data android:scheme="myapp" />
130-->src/main/AndroidManifest.xml:16:7-37
130-->src/main/AndroidManifest.xml:16:13-35
131                <data android:scheme="com.thats_the_sound_of_the_alarm.app" />
131-->src/main/AndroidManifest.xml:16:7-37
131-->src/main/AndroidManifest.xml:16:13-35
132                <data android:scheme="exp+thats-the-sound-of-the-alarm" />
132-->src/main/AndroidManifest.xml:16:7-37
132-->src/main/AndroidManifest.xml:16:13-35
133            </intent-filter>
134        </activity>
135
136        <provider
136-->[:react-native-webview] AndroidManifest.xml:8:9-16:20
137            android:name="com.reactnativecommunity.webview.RNCWebViewFileProvider"
137-->[:react-native-webview] AndroidManifest.xml:9:13-83
138            android:authorities="com.thats_the_sound_of_the_alarm.app.fileprovider"
138-->[:react-native-webview] AndroidManifest.xml:10:13-64
139            android:exported="false"
139-->[:react-native-webview] AndroidManifest.xml:11:13-37
140            android:grantUriPermissions="true" >
140-->[:react-native-webview] AndroidManifest.xml:12:13-47
141            <meta-data
141-->[:react-native-webview] AndroidManifest.xml:13:13-15:63
142                android:name="android.support.FILE_PROVIDER_PATHS"
142-->[:react-native-webview] AndroidManifest.xml:14:17-67
143                android:resource="@xml/file_provider_paths" />
143-->[:react-native-webview] AndroidManifest.xml:15:17-60
144        </provider>
145
146        <activity
146-->[:expo-dev-launcher] AndroidManifest.xml:12:9-25:20
147            android:name="expo.modules.devlauncher.launcher.DevLauncherActivity"
147-->[:expo-dev-launcher] AndroidManifest.xml:13:13-81
148            android:exported="true"
148-->[:expo-dev-launcher] AndroidManifest.xml:14:13-36
149            android:launchMode="singleTask"
149-->[:expo-dev-launcher] AndroidManifest.xml:15:13-44
150            android:theme="@style/Theme.DevLauncher.LauncherActivity" >
150-->[:expo-dev-launcher] AndroidManifest.xml:16:13-70
151            <intent-filter>
151-->[:expo-dev-launcher] AndroidManifest.xml:17:13-24:29
152                <action android:name="android.intent.action.VIEW" />
152-->src/main/AndroidManifest.xml:14:7-58
152-->src/main/AndroidManifest.xml:14:15-56
153
154                <category android:name="android.intent.category.DEFAULT" />
154-->src/main/AndroidManifest.xml:34:9-67
154-->src/main/AndroidManifest.xml:34:19-65
155                <category android:name="android.intent.category.BROWSABLE" />
155-->src/main/AndroidManifest.xml:15:7-67
155-->src/main/AndroidManifest.xml:15:17-65
156
157                <data android:scheme="expo-dev-launcher" />
157-->src/main/AndroidManifest.xml:16:7-37
157-->src/main/AndroidManifest.xml:16:13-35
158            </intent-filter>
159        </activity>
160        <activity
160-->[:expo-dev-launcher] AndroidManifest.xml:26:9-29:70
161            android:name="expo.modules.devlauncher.launcher.errors.DevLauncherErrorActivity"
161-->[:expo-dev-launcher] AndroidManifest.xml:27:13-93
162            android:screenOrientation="portrait"
162-->[:expo-dev-launcher] AndroidManifest.xml:28:13-49
163            android:theme="@style/Theme.DevLauncher.ErrorActivity" />
163-->[:expo-dev-launcher] AndroidManifest.xml:29:13-67
164        <activity
164-->[:expo-dev-menu] AndroidManifest.xml:8:9-21:20
165            android:name="expo.modules.devmenu.DevMenuActivity"
165-->[:expo-dev-menu] AndroidManifest.xml:9:13-64
166            android:exported="true"
166-->[:expo-dev-menu] AndroidManifest.xml:10:13-36
167            android:launchMode="singleTask"
167-->[:expo-dev-menu] AndroidManifest.xml:11:13-44
168            android:theme="@style/Theme.AppCompat.Transparent.NoActionBar" >
168-->[:expo-dev-menu] AndroidManifest.xml:12:13-75
169            <intent-filter>
169-->[:expo-dev-menu] AndroidManifest.xml:13:13-20:29
170                <action android:name="android.intent.action.VIEW" />
170-->src/main/AndroidManifest.xml:14:7-58
170-->src/main/AndroidManifest.xml:14:15-56
171
172                <category android:name="android.intent.category.DEFAULT" />
172-->src/main/AndroidManifest.xml:34:9-67
172-->src/main/AndroidManifest.xml:34:19-65
173                <category android:name="android.intent.category.BROWSABLE" />
173-->src/main/AndroidManifest.xml:15:7-67
173-->src/main/AndroidManifest.xml:15:17-65
174
175                <data android:scheme="expo-dev-menu" />
175-->src/main/AndroidManifest.xml:16:7-37
175-->src/main/AndroidManifest.xml:16:13-35
176            </intent-filter>
177        </activity>
178
179        <provider
179-->[:expo-file-system] AndroidManifest.xml:21:9-30:20
180            android:name="expo.modules.filesystem.FileSystemFileProvider"
180-->[:expo-file-system] AndroidManifest.xml:22:13-74
181            android:authorities="com.thats_the_sound_of_the_alarm.app.FileSystemFileProvider"
181-->[:expo-file-system] AndroidManifest.xml:23:13-74
182            android:exported="false"
182-->[:expo-file-system] AndroidManifest.xml:24:13-37
183            android:grantUriPermissions="true" >
183-->[:expo-file-system] AndroidManifest.xml:25:13-47
184            <meta-data
184-->[:react-native-webview] AndroidManifest.xml:13:13-15:63
185                android:name="android.support.FILE_PROVIDER_PATHS"
185-->[:react-native-webview] AndroidManifest.xml:14:17-67
186                android:resource="@xml/file_system_provider_paths" />
186-->[:react-native-webview] AndroidManifest.xml:15:17-60
187        </provider>
188
189        <service
189-->[:expo-notifications] AndroidManifest.xml:11:9-17:19
190            android:name="expo.modules.notifications.service.ExpoFirebaseMessagingService"
190-->[:expo-notifications] AndroidManifest.xml:12:13-91
191            android:exported="false" >
191-->[:expo-notifications] AndroidManifest.xml:13:13-37
192            <intent-filter android:priority="-1" >
192-->[:expo-notifications] AndroidManifest.xml:14:13-16:29
192-->[:expo-notifications] AndroidManifest.xml:14:28-49
193                <action android:name="com.google.firebase.MESSAGING_EVENT" />
193-->[:expo-notifications] AndroidManifest.xml:15:17-78
193-->[:expo-notifications] AndroidManifest.xml:15:25-75
194            </intent-filter>
195        </service>
196
197        <receiver
197-->[:expo-notifications] AndroidManifest.xml:19:9-31:20
198            android:name="expo.modules.notifications.service.NotificationsService"
198-->[:expo-notifications] AndroidManifest.xml:20:13-83
199            android:enabled="true"
199-->[:expo-notifications] AndroidManifest.xml:21:13-35
200            android:exported="false" >
200-->[:expo-notifications] AndroidManifest.xml:22:13-37
201            <intent-filter android:priority="-1" >
201-->[:expo-notifications] AndroidManifest.xml:23:13-30:29
201-->[:expo-notifications] AndroidManifest.xml:23:28-49
202                <action android:name="expo.modules.notifications.NOTIFICATION_EVENT" />
202-->[:expo-notifications] AndroidManifest.xml:24:17-88
202-->[:expo-notifications] AndroidManifest.xml:24:25-85
203                <action android:name="android.intent.action.BOOT_COMPLETED" />
203-->[:expo-notifications] AndroidManifest.xml:25:17-79
203-->[:expo-notifications] AndroidManifest.xml:25:25-76
204                <action android:name="android.intent.action.REBOOT" />
204-->[:expo-notifications] AndroidManifest.xml:26:17-71
204-->[:expo-notifications] AndroidManifest.xml:26:25-68
205                <action android:name="android.intent.action.QUICKBOOT_POWERON" />
205-->[:expo-notifications] AndroidManifest.xml:27:17-82
205-->[:expo-notifications] AndroidManifest.xml:27:25-79
206                <action android:name="com.htc.intent.action.QUICKBOOT_POWERON" />
206-->[:expo-notifications] AndroidManifest.xml:28:17-82
206-->[:expo-notifications] AndroidManifest.xml:28:25-79
207                <action android:name="android.intent.action.MY_PACKAGE_REPLACED" />
207-->[:expo-notifications] AndroidManifest.xml:29:17-84
207-->[:expo-notifications] AndroidManifest.xml:29:25-81
208            </intent-filter>
209        </receiver>
210
211        <activity
211-->[:expo-notifications] AndroidManifest.xml:33:9-40:75
212            android:name="expo.modules.notifications.service.NotificationForwarderActivity"
212-->[:expo-notifications] AndroidManifest.xml:34:13-92
213            android:excludeFromRecents="true"
213-->[:expo-notifications] AndroidManifest.xml:35:13-46
214            android:exported="false"
214-->[:expo-notifications] AndroidManifest.xml:36:13-37
215            android:launchMode="standard"
215-->[:expo-notifications] AndroidManifest.xml:37:13-42
216            android:noHistory="true"
216-->[:expo-notifications] AndroidManifest.xml:38:13-37
217            android:taskAffinity=""
217-->[:expo-notifications] AndroidManifest.xml:39:13-36
218            android:theme="@android:style/Theme.Translucent.NoTitleBar" />
218-->[:expo-notifications] AndroidManifest.xml:40:13-72
219
220        <receiver
220-->[:expo-task-manager] AndroidManifest.xml:8:9-16:20
221            android:name="expo.modules.taskManager.TaskBroadcastReceiver"
221-->[:expo-task-manager] AndroidManifest.xml:9:13-74
222            android:exported="false" >
222-->[:expo-task-manager] AndroidManifest.xml:10:13-37
223            <intent-filter>
223-->[:expo-task-manager] AndroidManifest.xml:11:13-15:29
224                <action android:name="expo.modules.taskManager.TaskBroadcastReceiver.INTENT_ACTION" />
224-->[:expo-task-manager] AndroidManifest.xml:12:17-103
224-->[:expo-task-manager] AndroidManifest.xml:12:25-100
225                <action android:name="android.intent.action.BOOT_COMPLETED" />
225-->[:expo-notifications] AndroidManifest.xml:25:17-79
225-->[:expo-notifications] AndroidManifest.xml:25:25-76
226                <action android:name="android.intent.action.MY_PACKAGE_REPLACED" />
226-->[:expo-notifications] AndroidManifest.xml:29:17-84
226-->[:expo-notifications] AndroidManifest.xml:29:25-81
227            </intent-filter>
228        </receiver>
229
230        <service
230-->[:expo-task-manager] AndroidManifest.xml:18:9-22:72
231            android:name="expo.modules.taskManager.TaskJobService"
231-->[:expo-task-manager] AndroidManifest.xml:19:13-67
232            android:enabled="true"
232-->[:expo-task-manager] AndroidManifest.xml:20:13-35
233            android:exported="false"
233-->[:expo-task-manager] AndroidManifest.xml:21:13-37
234            android:permission="android.permission.BIND_JOB_SERVICE" />
234-->[:expo-task-manager] AndroidManifest.xml:22:13-69
235
236        <meta-data
236-->[:expo-task-manager] AndroidManifest.xml:24:9-26:36
237            android:name="expo.modules.taskManager.oneAppId"
237-->[:expo-task-manager] AndroidManifest.xml:25:13-61
238            android:value="true" />
238-->[:expo-task-manager] AndroidManifest.xml:26:13-33
239        <meta-data
239-->[:expo-modules-core] AndroidManifest.xml:9:9-11:89
240            android:name="org.unimodules.core.AppLoader#react-native-headless"
240-->[:expo-modules-core] AndroidManifest.xml:10:13-79
241            android:value="expo.modules.adapters.react.apploader.RNHeadlessAppLoader" />
241-->[:expo-modules-core] AndroidManifest.xml:11:13-86
242        <meta-data
242-->[:expo-modules-core] AndroidManifest.xml:12:9-15:45
243            android:name="com.facebook.soloader.enabled"
243-->[:expo-modules-core] AndroidManifest.xml:13:13-57
244            android:value="true" />
244-->[:expo-modules-core] AndroidManifest.xml:14:13-33
245
246        <activity
246-->[com.facebook.react:react-android:0.76.9] AndroidManifest.xml:19:9-21:40
247            android:name="com.facebook.react.devsupport.DevSettingsActivity"
247-->[com.facebook.react:react-android:0.76.9] AndroidManifest.xml:20:13-77
248            android:exported="false" />
248-->[com.facebook.react:react-android:0.76.9] AndroidManifest.xml:21:13-37
249
250        <uses-library
250-->[androidx.camera:camera-extensions:1.4.1] AndroidManifest.xml:29:9-31:40
251            android:name="androidx.camera.extensions.impl"
251-->[androidx.camera:camera-extensions:1.4.1] AndroidManifest.xml:30:13-59
252            android:required="false" />
252-->[androidx.camera:camera-extensions:1.4.1] AndroidManifest.xml:31:13-37
253
254        <service
254-->[androidx.camera:camera-camera2:1.4.1] AndroidManifest.xml:24:9-33:19
255            android:name="androidx.camera.core.impl.MetadataHolderService"
255-->[androidx.camera:camera-camera2:1.4.1] AndroidManifest.xml:25:13-75
256            android:enabled="false"
256-->[androidx.camera:camera-camera2:1.4.1] AndroidManifest.xml:26:13-36
257            android:exported="false" >
257-->[androidx.camera:camera-camera2:1.4.1] AndroidManifest.xml:27:13-37
258            <meta-data
258-->[androidx.camera:camera-camera2:1.4.1] AndroidManifest.xml:30:13-32:89
259                android:name="androidx.camera.core.impl.MetadataHolderService.DEFAULT_CONFIG_PROVIDER"
259-->[androidx.camera:camera-camera2:1.4.1] AndroidManifest.xml:31:17-103
260                android:value="androidx.camera.camera2.Camera2Config$DefaultProvider" />
260-->[androidx.camera:camera-camera2:1.4.1] AndroidManifest.xml:32:17-86
261        </service>
262
263        <receiver
263-->[com.google.firebase:firebase-messaging:24.0.1] AndroidManifest.xml:29:9-40:20
264            android:name="com.google.firebase.iid.FirebaseInstanceIdReceiver"
264-->[com.google.firebase:firebase-messaging:24.0.1] AndroidManifest.xml:30:13-78
265            android:exported="true"
265-->[com.google.firebase:firebase-messaging:24.0.1] AndroidManifest.xml:31:13-36
266            android:permission="com.google.android.c2dm.permission.SEND" >
266-->[com.google.firebase:firebase-messaging:24.0.1] AndroidManifest.xml:32:13-73
267            <intent-filter>
267-->[com.google.firebase:firebase-messaging:24.0.1] AndroidManifest.xml:33:13-35:29
268                <action android:name="com.google.android.c2dm.intent.RECEIVE" />
268-->[com.google.firebase:firebase-messaging:24.0.1] AndroidManifest.xml:34:17-81
268-->[com.google.firebase:firebase-messaging:24.0.1] AndroidManifest.xml:34:25-78
269            </intent-filter>
270
271            <meta-data
271-->[com.google.firebase:firebase-messaging:24.0.1] AndroidManifest.xml:37:13-39:40
272                android:name="com.google.android.gms.cloudmessaging.FINISHED_AFTER_HANDLED"
272-->[com.google.firebase:firebase-messaging:24.0.1] AndroidManifest.xml:38:17-92
273                android:value="true" />
273-->[com.google.firebase:firebase-messaging:24.0.1] AndroidManifest.xml:39:17-37
274        </receiver>
275        <!--
276             FirebaseMessagingService performs security checks at runtime,
277             but set to not exported to explicitly avoid allowing another app to call it.
278        -->
279        <service
279-->[com.google.firebase:firebase-messaging:24.0.1] AndroidManifest.xml:46:9-53:19
280            android:name="com.google.firebase.messaging.FirebaseMessagingService"
280-->[com.google.firebase:firebase-messaging:24.0.1] AndroidManifest.xml:47:13-82
281            android:directBootAware="true"
281-->[com.google.firebase:firebase-messaging:24.0.1] AndroidManifest.xml:48:13-43
282            android:exported="false" >
282-->[com.google.firebase:firebase-messaging:24.0.1] AndroidManifest.xml:49:13-37
283            <intent-filter android:priority="-500" >
283-->[:expo-notifications] AndroidManifest.xml:14:13-16:29
283-->[:expo-notifications] AndroidManifest.xml:14:28-49